<?xml version="1.0" encoding="UTF-8"?>
<!-- Generated by org.testng.reporters.JUnitReportReporter -->
<testsuite skipped="0" hostname="Training-6" name="exercises.WebDriverTest" tests="1" failures="0" timestamp="27 dec 2017 13:45:50 GMT" time="8.185" errors="0">
  <testcase name="loginSuccesfull" time="8.185" classname="exercises.WebDriverTest"/>
</testsuite> <!-- exercises.WebDriverTest -->
